<?xml version="1.0" encoding="UTF-8"?>
<!-- Generated by org.testng.reporters.JUnitReportReporter -->
<testsuite hostname="WINDOWS-15I290J" failures="0" tests="2" name="qaclickacademy.Mavenjava.Sample1Test" time="0.013" errors="0" timestamp="19 May 2020 13:35:53 GMT" skipped="0">
  <testcase classname="qaclickacademy.Mavenjava.Sample1Test" name="postjira" time="0.001"/>
  <testcase classname="qaclickacademy.Mavenjava.Sample1Test" name="deletetwitter" time="0.012"/>
</testsuite> <!-- qaclickacademy.Mavenjava.Sample1Test -->
