<?xml version="1.0" encoding="UTF-8"?>
<!-- Generated by org.testng.reporters.JUnitReportReporter -->
<testsuite hostname="WINDOWS-15I290J" failures="0" tests="2" name="qaclickacademy.Mavenjava.SampleTest" time="0.001" errors="0" timestamp="19 May 2020 13:35:53 GMT" skipped="0">
  <testcase classname="qaclickacademy.Mavenjava.SampleTest" name="browser" time="0.000"/>
  <testcase classname="qaclickacademy.Mavenjava.SampleTest" name="elementui" time="0.001"/>
</testsuite> <!-- qaclickacademy.Mavenjava.SampleTest -->
